[ERROR] 2020-09-23 09:42:09.636 [http-nio-8080-exec-8] ErrorGenerico - Status: 200
Message: Error al guardar venta
Code: ER-VEN-10
BackendMessage: could not execute statement; SQL [n/a]; constraint [null]; nested exception is org.hibernate.exception.ConstraintViolationException: could not execute statement
[ERROR] 2020-09-23 09:47:04.694 [http-nio-8080-exec-4] ErrorGenerico - Status: 200
Message: Error al guardar venta
Code: ER-VEN-10
BackendMessage: could not execute statement; SQL [n/a]; constraint [null]; nested exception is org.hibernate.exception.ConstraintViolationException: could not execute statement
[ERROR] 2020-09-23 09:50:22.966 [http-nio-8080-exec-5] ErrorGenerico - Status: 200
Message: Error al guardar venta
Code: ER-VEN-10
BackendMessage: could not execute statement; SQL [n/a]; constraint [null]; nested exception is org.hibernate.exception.ConstraintViolationException: could not execute statement
[ERROR] 2020-09-23 09:52:24.926 [http-nio-8080-exec-5] ErrorGenerico - Status: 200
Message: Error al guardar venta
Code: ER-VEN-10
BackendMessage: could not execute statement; SQL [n/a]; constraint [null]; nested exception is org.hibernate.exception.ConstraintViolationException: could not execute statement
[ERROR] 2020-09-23 09:55:14.786 [http-nio-8080-exec-1] ErrorGenerico - Status: 200
Message: Error al guardar venta
Code: ER-VEN-10
BackendMessage: could not execute statement; SQL [n/a]; constraint [null]; nested exception is org.hibernate.exception.ConstraintViolationException: could not execute statement
[ERROR] 2020-09-23 10:01:03.959 [http-nio-8080-exec-5] ErrorGenerico - Status: 200
Message: Error al guardar venta
Code: ER-VEN-10
BackendMessage: could not execute statement; SQL [n/a]; constraint [null]; nested exception is org.hibernate.exception.ConstraintViolationException: could not execute statement
[ERROR] 2020-09-23 10:02:42.336 [http-nio-8080-exec-5] ErrorGenerico - Status: 200
Message: Error al guardar venta
Code: ER-VEN-10
BackendMessage: could not execute statement; SQL [n/a]; constraint [null]; nested exception is org.hibernate.exception.ConstraintViolationException: could not execute statement
[ERROR] 2020-09-23 10:06:03.738 [http-nio-8080-exec-5] ErrorGenerico - Status: 200
Message: Error al guardar venta
Code: ER-VEN-10
BackendMessage: could not execute statement; SQL [n/a]; constraint [null]; nested exception is org.hibernate.exception.ConstraintViolationException: could not execute statement
[ERROR] 2020-09-23 10:09:11.879 [http-nio-8080-exec-8] ErrorGenerico - Status: 200
Message: Error al guardar venta
Code: ER-VEN-10
BackendMessage: could not execute statement; SQL [n/a]; constraint [null]; nested exception is org.hibernate.exception.ConstraintViolationException: could not execute statement
[ERROR] 2020-09-23 10:12:10.771 [http-nio-8080-exec-5] ErrorGenerico - Status: 200
Message: Error al guardar venta
Code: ER-VEN-10
BackendMessage: null
[ERROR] 2020-09-23 10:26:11.868 [http-nio-8080-exec-6] ErrorGenerico - Status: 200
Message: Error al consultar venta de id: 1
Code: ER-VEN-02
BackendMessage: null
[ERROR] 2020-09-23 10:26:28.867 [http-nio-8080-exec-8] ErrorGenerico - Status: 200
Message: Error al consultar venta de id: 1
Code: ER-VEN-02
BackendMessage: null
[ERROR] 2020-09-23 10:26:49.835 [http-nio-8080-exec-4] ErrorGenerico - Status: 200
Message: Error al consultar venta de id: 1
Code: ER-VEN-02
BackendMessage: null
[ERROR] 2020-09-23 10:28:54.386 [http-nio-8080-exec-7] ErrorGenerico - Status: 200
Message: Error al consultar venta de id: 1
Code: ER-VEN-02
BackendMessage: null
[ERROR] 2020-09-23 10:34:29.540 [http-nio-8080-exec-9] ErrorGenerico - Status: 200
Message: Error al consultar venta de id: 1
Code: ER-VEN-02
BackendMessage: null
[ERROR] 2020-09-23 10:35:17.859 [http-nio-8080-exec-10] ErrorGenerico - Status: 200
Message: Error al consultar venta de id: 1
Code: ER-VEN-02
BackendMessage: null
[ERROR] 2020-09-23 10:38:11.424 [http-nio-8080-exec-7] ErrorGenerico - Status: 200
Message: Error al consultar venta de id: 1
Code: ER-VEN-02
BackendMessage: null
